<?xml version="1.0" encoding="UTF-8"?>
<testsuite xmlns:xsi="http://www.w3.org/2001/XMLSchema-instance" xsi:noNamespaceSchemaLocation="https://maven.apache.org/surefire/maven-surefire-plugin/xsd/surefire-test-report.xsd" name="Testminus" time="0.095" tests="3" errors="0" skipped="0" failures="0">
  <properties>
[...]
</properties>
  <testcase name="testEquals1" classname="Testminus" time="0.008"/>
  <testcase name="testEquals2" classname="Testminus" time="0"/>
  <testcase name="testEquals3" classname="Testminus" time="0"/>
</testsuite>